<?xml version="1.0" encoding="UTF-8"?>
<testng-results ignored="0" total="1" passed="1" failed="0" skipped="0">
  <reporter-output>
  </reporter-output>
  <suite started-at="2018-05-12T17:47:42Z" name="Suite" finished-at="2018-05-12T17:47:50Z" duration-ms="7760">
    <groups>
    </groups>
    <test started-at="2018-05-12T17:47:42Z" name="Test" finished-at="2018-05-12T17:47:50Z" duration-ms="7760">
      <class name="com.project.MavenExample">
        <test-method signature="mavenTest()[pri:0, instance:com.project.MavenExample@55182842]" started-at="2018-05-12T17:47:42Z" name="mavenTest" finished-at="2018-05-12T17:47:50Z" duration-ms="7744" status="PASS">
          <reporter-output>
          </reporter-output>
        </test-method> <!-- mavenTest -->
      </class> <!-- com.project.MavenExample -->
    </test> <!-- Test -->
  </suite> <!-- Suite -->
</testng-results>
