<?xml version="1.0" encoding="UTF-8"?>
<!-- Generated by org.testng.reporters.JUnitXMLReporter -->
<testsuite ignored="0" hostname="LAPTOP-LNS4C3ES" failures="0" tests="10" name="example test" time="0.047" errors="0" timestamp="27 Apr 2018 00:23:31 GMT">
  <testcase classname="testNGClass.TestingNGInClassPracticeFour" name="program1" time="0.015"/>
  <testcase classname="testNGClass.TestingNGInClassPracticeFour" name="program2" time="0.0"/>
  <testcase classname="testNGClass.TestingNGInClassPracticeFour" name="program3" time="0.0"/>
  <testcase classname="testNGClass.TestNGPractice" name="sum" time="0.0"/>
  <testcase classname="testNGClass.TestNGPractice" name="subtract" time="0.0"/>
  <testcase classname="testNGClass.TestNGPractice" name="div" time="0.0"/>
  <testcase classname="testNGClass.TestNGPractice" name="multi" time="0.0"/>
  <testcase classname="testNGClass.TestNGPracticeTwo" name="bProgram" time="0.016"/>
  <testcase classname="testNGClass.TestNGPracticeTwo" name="cProgram" time="0.0"/>
  <testcase classname="testNGClass.TestNGPracticeTwo" name="aProgram" time="0.0"/>
</testsuite> <!-- example test -->
